[BaseCentralisedMAS] Creating environment env.MiningEnvironment(1,100,yes,"dummy","miner","greens",1000)
[BaseCentralisedMAS] Creating agent dummy1 (1/2)
[httpserver] HttpServer created http 0.0.0.0/0.0.0.0:3272
[httpserver] context created: /
[httpserver] context created: /agents
[httpserver] context created: /agent-mind/no_ag
[httpserver] context created: /df
[dummy1] as2j: AgentSpeak program 'file:asl/dummy.asl' parsed successfully!
[dummy1] as2j: AgentSpeak program 'jar:file:/C:/Users/Petra/Desktop/ierhf/fortheproject/libs/jason-2.6.3.jar!/asl/kqmlPlans.asl' parsed successfully!
[dummy1] Doing (add) brf for kqml::clear_source_self([],[])[source(self)]
[dummy1] brf added kqml::clear_source_self([],[])[source(self)]
[BaseCentralisedMAS] Creating agent dummy2 (2/2)
[dummy2] as2j: AgentSpeak program 'file:asl/dummy.asl' parsed successfully!
[dummy2] as2j: AgentSpeak program 'jar:file:/C:/Users/Petra/Desktop/ierhf/fortheproject/libs/jason-2.6.3.jar!/asl/kqmlPlans.asl' parsed successfully!
[dummy2] Doing (add) brf for kqml::clear_source_self([],[])[source(self)]
[dummy2] brf added kqml::clear_source_self([],[])[source(self)]
[BaseCentralisedMAS] Creating agent leader1 (1/2)
[leader1] as2j: AgentSpeak program 'file:asl/leader.asl' parsed successfully!
[leader1] as2j: AgentSpeak program 'jar:file:/C:/Users/Petra/Desktop/ierhf/fortheproject/libs/jason-2.6.3.jar!/asl/kqmlPlans.asl' parsed successfully!
[leader1] Doing (add) brf for kqml::clear_source_self([],[])[source(self)]
[leader1] brf added kqml::clear_source_self([],[])[source(self)]
[BaseCentralisedMAS] Creating agent leader2 (2/2)
[leader2] as2j: AgentSpeak program 'file:asl/leader.asl' parsed successfully!
[leader2] as2j: AgentSpeak program 'jar:file:/C:/Users/Petra/Desktop/ierhf/fortheproject/libs/jason-2.6.3.jar!/asl/kqmlPlans.asl' parsed successfully!
[leader2] Doing (add) brf for kqml::clear_source_self([],[])[source(self)]
[leader2] brf added kqml::clear_source_self([],[])[source(self)]
[BaseCentralisedMAS] Creating agent greens1 (1/2)
[greens1] as2j: AgentSpeak program 'file:asl/greens.asl' parsed successfully!
[greens1] as2j: AgentSpeak program 'jar:file:/C:/Users/Petra/Desktop/ierhf/fortheproject/libs/jason-2.6.3.jar!/asl/kqmlPlans.asl' parsed successfully!
[greens1] Doing (add) brf for kqml::clear_source_self([],[])[source(self)]
[greens1] brf added kqml::clear_source_self([],[])[source(self)]
[BaseCentralisedMAS] Creating agent greens2 (2/2)
[greens2] as2j: AgentSpeak program 'file:asl/greens.asl' parsed successfully!
[greens2] as2j: AgentSpeak program 'jar:file:/C:/Users/Petra/Desktop/ierhf/fortheproject/libs/jason-2.6.3.jar!/asl/kqmlPlans.asl' parsed successfully!
[greens2] Doing (add) brf for kqml::clear_source_self([],[])[source(self)]
[greens2] brf added kqml::clear_source_self([],[])[source(self)]
[BaseCentralisedMAS] Creating agent miner1 (1/2)
[Include] as2j: AgentSpeak program 'file:asl/moving.asl' parsed successfully!
[Include] as2j: AgentSpeak program 'file:asl/search_unvisited.asl' parsed successfully!
[Include] as2j: AgentSpeak program 'file:asl/search_quadrant.asl' parsed successfully!
[Include] as2j: AgentSpeak program 'file:asl/fetch_gold.asl' parsed successfully!
[Include] as2j: AgentSpeak program 'file:asl/goto_depot.asl' parsed successfully!
[Include] as2j: AgentSpeak program 'file:asl/allocation_protocol.asl' parsed successfully!
[miner1] as2j: AgentSpeak program 'file:asl/miner.asl' parsed successfully!
[miner1] Doing (add) brf for search_gold_strategy(near_unvisited)[source(self)]
[miner1] brf added search_gold_strategy(near_unvisited)[source(self)]
[miner1] Doing (add) brf for my_capacity(3)[source(self)]
[miner1] brf added my_capacity(3)[source(self)]
[miner1] Doing (add) brf for free[source(self)]
[miner1] brf added free[source(self)]
[miner1] Doing (add) brf for last_dir(null)[source(self)]
[miner1] brf added last_dir(null)[source(self)]
[miner1] as2j: AgentSpeak program 'jar:file:/C:/Users/Petra/Desktop/ierhf/fortheproject/libs/jason-2.6.3.jar!/asl/kqmlPlans.asl' parsed successfully!
[miner1] Doing (add) brf for kqml::clear_source_self([],[])[source(self)]
[miner1] brf added kqml::clear_source_self([],[])[source(self)]
[BaseCentralisedMAS] Creating agent miner2 (2/2)
[Include] as2j: AgentSpeak program 'file:asl/moving.asl' parsed successfully!
[Include] as2j: AgentSpeak program 'file:asl/search_unvisited.asl' parsed successfully!
[Include] as2j: AgentSpeak program 'file:asl/search_quadrant.asl' parsed successfully!
[Include] as2j: AgentSpeak program 'file:asl/fetch_gold.asl' parsed successfully!
[Include] as2j: AgentSpeak program 'file:asl/goto_depot.asl' parsed successfully!
[Include] as2j: AgentSpeak program 'file:asl/allocation_protocol.asl' parsed successfully!
[miner2] as2j: AgentSpeak program 'file:asl/miner.asl' parsed successfully!
[miner2] Doing (add) brf for search_gold_strategy(near_unvisited)[source(self)]
[miner2] brf added search_gold_strategy(near_unvisited)[source(self)]
[miner2] Doing (add) brf for my_capacity(3)[source(self)]
[miner2] brf added my_capacity(3)[source(self)]
[miner2] Doing (add) brf for free[source(self)]
[miner2] brf added free[source(self)]
[miner2] Doing (add) brf for last_dir(null)[source(self)]
[miner2] brf added last_dir(null)[source(self)]
[miner2] as2j: AgentSpeak program 'jar:file:/C:/Users/Petra/Desktop/ierhf/fortheproject/libs/jason-2.6.3.jar!/asl/kqmlPlans.asl' parsed successfully!
[miner2] Doing (add) brf for kqml::clear_source_self([],[])[source(self)]
[miner2] brf added kqml::clear_source_self([],[])[source(self)]
[BaseCentralisedMAS] Creating controller jason.control.ExecutionControlGUI
[dummy1] Start sense
[miner1] Start sense
[leader2] Start sense
[leader1] Start sense
[greens1] Start sense
[miner1] percepts: [gsize(1,30,30), depot(1,5,7), steps(1,100000), pos(1,4,1), carrying_gold(0), container_has_space, cell(0,3,empty), cell(0,4,empty), cell(1,3,enemy), cell(1,4,empty), cell(1,5,ally), cell(2,3,empty), cell(2,4,empty), cell(2,5,empty)]
[miner2] Start sense
[greens2] Start sense
[dummy2] Start sense
[greens1] percepts: [gsize(1,30,30), depot(1,5,7), steps(1,100000)]
[leader1] percepts: [gsize(1,30,30), depot(1,5,7), steps(1,100000)]
[dummy1] percepts: [gsize(1,30,30), depot(1,5,7), steps(1,100000), pos(1,0,1), carrying_gold(0), container_has_space, cell(0,0,empty), cell(0,1,empty), cell(1,0,empty), cell(1,1,empty), cell(2,0,empty), cell(2,1,empty)]
[leader2] percepts: [gsize(1,30,30), depot(1,5,7), steps(1,100000)]
[dummy2] percepts: [gsize(1,30,30), depot(1,5,7), steps(1,100000), pos(1,2,1), carrying_gold(0), container_has_space, cell(0,1,empty), cell(0,2,empty), cell(0,3,empty), cell(1,1,empty), cell(1,2,empty), cell(2,1,empty), cell(2,2,empty), cell(2,3,empty)]
[miner2] percepts: [gsize(1,30,30), depot(1,5,7), steps(1,100000), pos(1,5,1), carrying_gold(0), container_has_space, cell(0,5,empty), cell(0,6,empty), cell(1,4,ally), cell(1,5,empty), cell(1,6,ally), cell(2,4,empty), cell(2,5,empty), cell(2,6,empty)]
[greens2] percepts: [gsize(1,30,30), depot(1,5,7), steps(1,100000)]
[dummy1] Doing (add) brf for gsize(1,30,30)[source(self)]
[dummy2] Doing (add) brf for gsize(1,30,30)[source(self)]
[miner1] Doing (add) brf for gsize(1,30,30)[source(self)]
[leader2] Added event +gsize(1,30,30)[source(percept)], events = [+gsize(1,30,30)[source(percept)]]
[leader1] Added event +gsize(1,30,30)[source(percept)], events = [+gsize(1,30,30)[source(percept)]]
[miner1] brf added gsize(1,30,30)[source(self)]
[dummy2] brf added gsize(1,30,30)[source(self)]
[dummy1] brf added gsize(1,30,30)[source(self)]
[miner2] Doing (add) brf for gsize(1,30,30)[source(self)]
[dummy2] Doing (add) brf for depot(1,5,7)[source(self)]
[miner2] brf added gsize(1,30,30)[source(self)]
[dummy2] brf added depot(1,5,7)[source(self)]
[miner1] Doing (add) brf for depot(1,5,7)[source(self)]
[leader2] Selected event +gsize(1,30,30)[source(percept)]
[miner1] brf added depot(1,5,7)[source(self)]
[leader1] Selected event +gsize(1,30,30)[source(percept)]
[dummy2] Doing (add) brf for steps(1,100000)[source(self)]
[miner2] Doing (add) brf for depot(1,5,7)[source(self)]
[dummy1] Doing (add) brf for depot(1,5,7)[source(self)]
[miner2] brf added depot(1,5,7)[source(self)]
[dummy2] brf added steps(1,100000)[source(self)]
[leader2] option for +gsize(1,30,30)[source(percept)] is plan quads[atomic,source(self),url("file:asl/leader.asl")] +gsize(S,W,H) : null -- with unification {S=1, W=30, H=30}
[leader1] option for +gsize(1,30,30)[source(percept)] is plan quads[atomic,source(self),url("file:asl/leader.asl")] +gsize(S,W,H) : null -- with unification {S=1, W=30, H=30}
[miner1] Doing (add) brf for steps(1,100000)[source(self)]
[leader2]      quads[atomic,source(self),url("file:asl/leader.asl")] is applicable with unification {S=1, W=30, H=30}
[miner2] Doing (add) brf for steps(1,100000)[source(self)]
[dummy1] brf added depot(1,5,7)[source(self)]
[leader2] Selected option (@quads[atomic,source(self),url("file:asl/leader.asl")] +gsize(S,W,H) <- .print("Defining quadrants for simulation ",S," : ",W,"x",H); (CellH = (H div 2)); +quad(S,1,0,0,((W div 2)-1),(CellH-1)); +quad(S,2,(W div 2),0,(W-1),(CellH-1)); +quad(S,3,0,CellH,((W div 2)-1),((CellH*2)-1)); +quad(S,4,(W div 2),CellH,(W-1),((CellH*2)-1)); !inform_quad(S,miner1,1); !inform_quad(S,miner2,2); !inform_quad(S,miner3,3); !inform_quad(S,miner4,4).,{S=1, W=30, H=30}) for event +gsize(1,30,30)[source(percept)]
[miner1] brf added steps(1,100000)[source(self)]
[leader1]      quads[atomic,source(self),url("file:asl/leader.asl")] is applicable with unification {S=1, W=30, H=30}
[dummy1] Doing (add) brf for steps(1,100000)[source(self)]
[leader1] Selected option (@quads[atomic,source(self),url("file:asl/leader.asl")] +gsize(S,W,H) <- .print("Defining quadrants for simulation ",S," : ",W,"x",H); (CellH = (H div 2)); +quad(S,1,0,0,((W div 2)-1),(CellH-1)); +quad(S,2,(W div 2),0,(W-1),(CellH-1)); +quad(S,3,0,CellH,((W div 2)-1),((CellH*2)-1)); +quad(S,4,(W div 2),CellH,(W-1),((CellH*2)-1)); !inform_quad(S,miner1,1); !inform_quad(S,miner2,2); !inform_quad(S,miner3,3); !inform_quad(S,miner4,4).,{S=1, W=30, H=30}) for event +gsize(1,30,30)[source(percept)]
[miner2] brf added steps(1,100000)[source(self)]
[leader2] Defining quadrants for simulation 1 : 30x30
[dummy1] brf added steps(1,100000)[source(self)]
[leader2] Informing controller that I finished a reasoning cycle 0. Breakpoint is false
[leader1] Defining quadrants for simulation 1 : 30x30
[leader1] Informing controller that I finished a reasoning cycle 0. Breakpoint is false
[dummy2] Added event +pos(1,2,1)[source(percept)], events = [+pos(1,2,1)[source(percept)]]
[dummy2] received message: <mid4,dummy1,tell,dummy2,my_status(1,0,0)>
[dummy2] Selected event +pos(1,2,1)[source(percept)]
[dummy1] Added event +pos(1,0,1)[source(percept)], events = [+pos(1,0,1)[source(percept)]]
[dummy2] option for +pos(1,2,1)[source(percept)] is plan p__9[source(self),url("file:asl/dummy.asl")] +pos(X,Y,_39) : (cell(X,Y,gold) & (carrying_gold(N) & (N < 3))) -- with unification {_39=1, X=1, Y=2}
[dummy1] received message: <mid1,dummy2,tell,dummy1,my_status(1,2,0)>
[dummy1] Selected event +pos(1,0,1)[source(percept)]
[dummy1] option for +pos(1,0,1)[source(percept)] is plan p__1[source(self),url("file:asl/dummy.asl")] +pos(X,Y,_5) : (cell(X,Y,gold) & (carrying_gold(N) & (N < 3))) -- with unification {_5=1, X=1, Y=0}
[miner2] Added event +cell(0,5,empty)[source(percept)], events = [+cell(0,5,empty)[source(percept)]]
[miner1] Added event +pos(1,4,1)[source(percept)], events = [+pos(1,4,1)[source(percept)]]
[dummy2]      | NO more options for cell(X,Y,gold)
[dummy2]      p__9[source(self),url("file:asl/dummy.asl")] is not applicable
[dummy2] option for +pos(1,2,1)[source(percept)] is plan p__10[source(self),url("file:asl/dummy.asl")] +pos(X,Y,_40) : (cell(GX,GY,gold) & (carrying_gold(N) & (N < 3))) -- with unification {X=1, Y=2, _40=1}
[dummy2]      | NO more options for cell(GX,GY,gold)
[dummy1]      | NO more options for cell(X,Y,gold)
[miner1] Added event +cell(1,3,enemy)[source(percept)], events = [+pos(1,4,1)[source(percept)], +cell(1,3,enemy)[source(percept)]]
[miner1] Added event +cell(0,3,empty)[source(percept)], events = [+pos(1,4,1)[source(percept)], +cell(1,3,enemy)[source(percept)], +cell(0,3,empty)[source(percept)]]
[miner1] Added event +cell(2,3,empty)[source(percept)], events = [+pos(1,4,1)[source(percept)], +cell(1,3,enemy)[source(percept)], +cell(0,3,empty)[source(percept)], +cell(2,3,empty)[source(percept)]]
[miner2] Added event +cell(2,5,empty)[source(percept)], events = [+cell(0,5,empty)[source(percept)], +cell(2,5,empty)[source(percept)]]
[miner2] Added event +cell(1,4,ally)[source(percept)], events = [+cell(0,5,empty)[source(percept)], +cell(2,5,empty)[source(percept)], +cell(1,4,ally)[source(percept)]]
[dummy1]      p__1[source(self),url("file:asl/dummy.asl")] is not applicable
[miner2] Added event +cell(1,5,empty)[source(percept)], events = [+cell(0,5,empty)[source(percept)], +cell(2,5,empty)[source(percept)], +cell(1,4,ally)[source(percept)], +cell(1,5,empty)[source(percept)]]
[dummy1] option for +pos(1,0,1)[source(percept)] is plan p__2[source(self),url("file:asl/dummy.asl")] +pos(X,Y,_6) : (cell(GX,GY,gold) & (carrying_gold(N) & (N < 3))) -- with unification {_6=1, X=1, Y=0}
[dummy1]      | NO more options for cell(GX,GY,gold)
[dummy1]      p__2[source(self),url("file:asl/dummy.asl")] is not applicable
[dummy2]      p__10[source(self),url("file:asl/dummy.asl")] is not applicable
[dummy2] option for +pos(1,2,1)[source(percept)] is plan p__11[source(self),url("file:asl/dummy.asl")] +pos(X,Y,_41) : (go_depot & depot(_42,X,Y)) -- with unification {X=1, Y=2, _41=1}
[dummy2]      | for go_depot, rule go_depot[source(self)] :- carrying_gold(3) is an option -- {}
[dummy2]      | NO more options for carrying_gold(3)
[dummy2]      | for go_depot, rule go_depot[source(self)] :- (carrying_gold(N) & ((N > 0) & (pos(_35,_36,Step) & (steps(_37,NSteps) & ((Step+200) > NSteps))))) is an option -- {}
[dummy2]      | for carrying_gold(N), belief carrying_gold(0)[source(percept)] is an option -- {N=0}
[dummy2]      | (N > 0) failed  -- {N=0}
[dummy2]      | NO more options for carrying_gold(N)
[dummy2]      | NO more options for go_depot
[dummy2]      p__11[source(self),url("file:asl/dummy.asl")] is not applicable
[dummy2] option for +pos(1,2,1)[source(percept)] is plan p__12[source(self),url("file:asl/dummy.asl")] +pos(X,Y,_43) : (go_depot & depot(_44,DX,DY)) -- with unification {X=1, Y=2, _43=1}
[dummy2]      | for go_depot, rule go_depot[source(self)] :- carrying_gold(3) is an option -- {}
[dummy2]      | NO more options for carrying_gold(3)
[dummy1] option for +pos(1,0,1)[source(percept)] is plan p__3[source(self),url("file:asl/dummy.asl")] +pos(X,Y,_7) : (go_depot & depot(_8,X,Y)) -- with unification {X=1, _7=1, Y=0}
[miner2] Added event +cell(1,6,ally)[source(percept)], events = [+cell(0,5,empty)[source(percept)], +cell(2,5,empty)[source(percept)], +cell(1,4,ally)[source(percept)], +cell(1,5,empty)[source(percept)], +cell(1,6,ally)[source(percept)]]
[miner1] Added event +cell(2,5,empty)[source(percept)], events = [+pos(1,4,1)[source(percept)], +cell(1,3,enemy)[source(percept)], +cell(0,3,empty)[source(percept)], +cell(2,3,empty)[source(percept)], +cell(2,5,empty)[source(percept)]]
[dummy1]      | for go_depot, rule go_depot[source(self)] :- carrying_gold(3) is an option -- {}
[dummy2]      | for go_depot, rule go_depot[source(self)] :- (carrying_gold(N) & ((N > 0) & (pos(_35,_36,Step) & (steps(_37,NSteps) & ((Step+200) > NSteps))))) is an option -- {}
[dummy1]      | NO more options for carrying_gold(3)
[dummy2]      | for carrying_gold(N), belief carrying_gold(0)[source(percept)] is an option -- {N=0}
[miner1] Added event +cell(0,4,empty)[source(percept)], events = [+pos(1,4,1)[source(percept)], +cell(1,3,enemy)[source(percept)], +cell(0,3,empty)[source(percept)], +cell(2,3,empty)[source(percept)], +cell(2,5,empty)[source(percept)], +cell(0,4,empty)[source(percept)]]
[miner2] Added event +pos(1,5,1)[source(percept)], events = [+cell(0,5,empty)[source(percept)], +cell(2,5,empty)[source(percept)], +cell(1,4,ally)[source(percept)], +cell(1,5,empty)[source(percept)], +cell(1,6,ally)[source(percept)], +pos(1,5,1)[source(percept)]]
[dummy1]      | for go_depot, rule go_depot[source(self)] :- (carrying_gold(N) & ((N > 0) & (pos(_1,_2,Step) & (steps(_3,NSteps) & ((Step+200) > NSteps))))) is an option -- {}
[dummy2]      | (N > 0) failed  -- {N=0}
[dummy2]      | NO more options for carrying_gold(N)
[dummy1]      | for carrying_gold(N), belief carrying_gold(0)[source(percept)] is an option -- {N=0}
[miner2] Added event +cell(0,6,empty)[source(percept)], events = [+cell(0,5,empty)[source(percept)], +cell(2,5,empty)[source(percept)], +cell(1,4,ally)[source(percept)], +cell(1,5,empty)[source(percept)], +cell(1,6,ally)[source(percept)], +pos(1,5,1)[source(percept)], +cell(0,6,empty)[source(percept)]]
[miner2] Added event +cell(2,4,empty)[source(percept)], events = [+cell(0,5,empty)[source(percept)], +cell(2,5,empty)[source(percept)], +cell(1,4,ally)[source(percept)], +cell(1,5,empty)[source(percept)], +cell(1,6,ally)[source(percept)], +pos(1,5,1)[source(percept)], +cell(0,6,empty)[source(percept)], +cell(2,4,empty)[source(percept)]]
[miner1] Added event +cell(2,4,empty)[source(percept)], events = [+pos(1,4,1)[source(percept)], +cell(1,3,enemy)[source(percept)], +cell(0,3,empty)[source(percept)], +cell(2,3,empty)[source(percept)], +cell(2,5,empty)[source(percept)], +cell(0,4,empty)[source(percept)], +cell(2,4,empty)[source(percept)]]
[miner2] Added event +cell(2,6,empty)[source(percept)], events = [+cell(0,5,empty)[source(percept)], +cell(2,5,empty)[source(percept)], +cell(1,4,ally)[source(percept)], +cell(1,5,empty)[source(percept)], +cell(1,6,ally)[source(percept)], +pos(1,5,1)[source(percept)], +cell(0,6,empty)[source(percept)], +cell(2,4,empty)[source(percept)], +cell(2,6,empty)[source(percept)]]
[miner2] received message: <mid2,miner1,tell,miner2,my_status(1,4,0)>
[dummy2]      | NO more options for go_depot
[miner2] Selected event +cell(0,5,empty)[source(percept)]
[miner1] Added event +cell(1,4,empty)[source(percept)], events = [+pos(1,4,1)[source(percept)], +cell(1,3,enemy)[source(percept)], +cell(0,3,empty)[source(percept)], +cell(2,3,empty)[source(percept)], +cell(2,5,empty)[source(percept)], +cell(0,4,empty)[source(percept)], +cell(2,4,empty)[source(percept)], +cell(1,4,empty)[source(percept)]]
[dummy1]      | (N > 0) failed  -- {N=0}
[miner2] option for +cell(0,5,empty)[source(percept)] is plan p__178[source(self),url("file:asl/miner.asl")] +cell(X,Y,empty) : (gold(X,Y) & not (.desire(fetch_gold(gold(X,Y))))) -- with unification {X=0, Y=5}
[dummy2]      p__12[source(self),url("file:asl/dummy.asl")] is not applicable
[dummy1]      | NO more options for carrying_gold(N)
[miner2]      | no candidate belief for gold(X,Y) with {X=0, Y=5}
[miner1] Added event +cell(1,5,ally)[source(percept)], events = [+pos(1,4,1)[source(percept)], +cell(1,3,enemy)[source(percept)], +cell(0,3,empty)[source(percept)], +cell(2,3,empty)[source(percept)], +cell(2,5,empty)[source(percept)], +cell(0,4,empty)[source(percept)], +cell(2,4,empty)[source(percept)], +cell(1,4,empty)[source(percept)], +cell(1,5,ally)[source(percept)]]
[dummy2] option for +pos(1,2,1)[source(percept)] is plan p__13[source(self),url("file:asl/dummy.asl")] +pos(X,Y,_45) : (back_pos(X,Y) | (back_pos(BX,BY) & jia.direction(X,Y,BX,BY,skip))) -- with unification {_45=1, X=1, Y=2}
[dummy1]      | NO more options for go_depot
[miner1] received message: <mid3,miner2,tell,miner1,my_status(1,5,0)>
[dummy1]      p__3[source(self),url("file:asl/dummy.asl")] is not applicable
[dummy1] option for +pos(1,0,1)[source(percept)] is plan p__4[source(self),url("file:asl/dummy.asl")] +pos(X,Y,_9) : (go_depot & depot(_10,DX,DY)) -- with unification {X=1, Y=0, _9=1}
[miner1] Selected event +pos(1,4,1)[source(percept)]
[miner2]      p__178[source(self),url("file:asl/miner.asl")] is not applicable
[dummy2]      | no candidate belief for back_pos(X,Y) with {_45=1, X=1, Y=2}
[dummy1]      | for go_depot, rule go_depot[source(self)] :- carrying_gold(3) is an option -- {}
[dummy2]      | no candidate belief for back_pos(BX,BY) with {X=1, _45=1, Y=2}
[miner2] Selected event +cell(2,5,empty)[source(percept)]
[miner1] Selected event +cell(1,3,enemy)[source(percept)]
[dummy2]      p__13[source(self),url("file:asl/dummy.asl")] is not applicable
[dummy1]      | NO more options for carrying_gold(3)
[miner2] option for +cell(2,5,empty)[source(percept)] is plan p__178[source(self),url("file:asl/miner.asl")] +cell(X,Y,empty) : (gold(X,Y) & not (.desire(fetch_gold(gold(X,Y))))) -- with unification {X=2, Y=5}
[dummy1]      | for go_depot, rule go_depot[source(self)] :- (carrying_gold(N) & ((N > 0) & (pos(_1,_2,Step) & (steps(_3,NSteps) & ((Step+200) > NSteps))))) is an option -- {}
[miner2]      | no candidate belief for gold(X,Y) with {X=2, Y=5}
[miner1] Selected event +cell(0,3,empty)[source(percept)]
[dummy2] option for +pos(1,2,1)[source(percept)] is plan p__14[source(self),url("file:asl/dummy.asl")] +pos(X,Y,_46) : (back_pos(BX,BY) & jia.direction(X,Y,BX,BY,D)) -- with unification {_46=1, X=1, Y=2}
[miner2]      p__178[source(self),url("file:asl/miner.asl")] is not applicable
[dummy1]      | for carrying_gold(N), belief carrying_gold(0)[source(percept)] is an option -- {N=0}
[miner1] option for +cell(0,3,empty)[source(percept)] is plan p__110[source(self),url("file:asl/miner.asl")] +cell(X,Y,empty) : (gold(X,Y) & not (.desire(fetch_gold(gold(X,Y))))) -- with unification {X=0, Y=3}
[dummy2]      | no candidate belief for back_pos(BX,BY) with {_46=1, X=1, Y=2}
[miner1]      | no candidate belief for gold(X,Y) with {X=0, Y=3}
[miner2] Selected event +cell(1,4,ally)[source(percept)]
[dummy1]      | (N > 0) failed  -- {N=0}
[miner1]      p__110[source(self),url("file:asl/miner.asl")] is not applicable
[dummy2]      p__14[source(self),url("file:asl/dummy.asl")] is not applicable
[dummy1]      | NO more options for carrying_gold(N)
[miner2] Selected event +cell(1,5,empty)[source(percept)]
[dummy2] option for +pos(1,2,1)[source(percept)] is plan p__15[source(self),url("file:asl/dummy.asl")] +pos(_47,_48,_49) : null -- with unification {_48=2, _47=1, _49=1}
[miner1] Selected event +cell(2,3,empty)[source(percept)]
[dummy2]      p__15[source(self),url("file:asl/dummy.asl")] is applicable with unification {_48=2, _47=1, _49=1}
[miner2] option for +cell(1,5,empty)[source(percept)] is plan p__178[source(self),url("file:asl/miner.asl")] +cell(X,Y,empty) : (gold(X,Y) & not (.desire(fetch_gold(gold(X,Y))))) -- with unification {X=1, Y=5}
[dummy1]      | NO more options for go_depot
[miner1] option for +cell(2,3,empty)[source(percept)] is plan p__110[source(self),url("file:asl/miner.asl")] +cell(X,Y,empty) : (gold(X,Y) & not (.desire(fetch_gold(gold(X,Y))))) -- with unification {X=2, Y=3}
[dummy2] Selected option (@p__15[source(self),url("file:asl/dummy.asl")] +pos(_47,_48,_49) <- !define_new_pos.,{_48=2, _47=1, _49=1}) for event +pos(1,2,1)[source(percept)]
[miner1]      | no candidate belief for gold(X,Y) with {X=2, Y=3}
[dummy1]      p__4[source(self),url("file:asl/dummy.asl")] is not applicable
[miner2]      | no candidate belief for gold(X,Y) with {X=1, Y=5}
[miner2]      p__178[source(self),url("file:asl/miner.asl")] is not applicable
[dummy2] Selected intention intention 3: 
    +pos(1,2,1)[source(percept)] <- ... !define_new_pos / {_48=2, _47=1, _49=1}

[miner1]      p__110[source(self),url("file:asl/miner.asl")] is not applicable
[miner2] Selected event +cell(1,6,ally)[source(percept)]
[dummy1] option for +pos(1,0,1)[source(percept)] is plan p__5[source(self),url("file:asl/dummy.asl")] +pos(X,Y,_11) : (back_pos(X,Y) | (back_pos(BX,BY) & jia.direction(X,Y,BX,BY,skip))) -- with unification {X=1, Y=0, _11=1}
[dummy1]      | no candidate belief for back_pos(X,Y) with {X=1, Y=0, _11=1}
[dummy2] Informing controller that I finished a reasoning cycle 0. Breakpoint is false
[dummy1]      | no candidate belief for back_pos(BX,BY) with {X=1, Y=0, _11=1}
[miner1] Selected event +cell(2,5,empty)[source(percept)]
[miner2] Selected event +pos(1,5,1)[source(percept)]
[dummy1]      p__5[source(self),url("file:asl/dummy.asl")] is not applicable
[miner1] option for +cell(2,5,empty)[source(percept)] is plan p__110[source(self),url("file:asl/miner.asl")] +cell(X,Y,empty) : (gold(X,Y) & not (.desire(fetch_gold(gold(X,Y))))) -- with unification {X=2, Y=5}
[miner2] Selected event +cell(0,6,empty)[source(percept)]
[miner1]      | no candidate belief for gold(X,Y) with {X=2, Y=5}
[dummy1] option for +pos(1,0,1)[source(percept)] is plan p__6[source(self),url("file:asl/dummy.asl")] +pos(X,Y,_12) : (back_pos(BX,BY) & jia.direction(X,Y,BX,BY,D)) -- with unification {_12=1, X=1, Y=0}
[miner1]      p__110[source(self),url("file:asl/miner.asl")] is not applicable
[miner2] option for +cell(0,6,empty)[source(percept)] is plan p__178[source(self),url("file:asl/miner.asl")] +cell(X,Y,empty) : (gold(X,Y) & not (.desire(fetch_gold(gold(X,Y))))) -- with unification {X=0, Y=6}
[dummy1]      | no candidate belief for back_pos(BX,BY) with {_12=1, X=1, Y=0}
[miner2]      | no candidate belief for gold(X,Y) with {X=0, Y=6}
[miner1] Selected event +cell(0,4,empty)[source(percept)]
[dummy1]      p__6[source(self),url("file:asl/dummy.asl")] is not applicable
[miner2]      p__178[source(self),url("file:asl/miner.asl")] is not applicable
[dummy1] option for +pos(1,0,1)[source(percept)] is plan p__7[source(self),url("file:asl/dummy.asl")] +pos(_13,_14,_15) : null -- with unification {_13=1, _15=1, _14=0}
[miner2] Selected event +cell(2,4,empty)[source(percept)]
[miner1] option for +cell(0,4,empty)[source(percept)] is plan p__110[source(self),url("file:asl/miner.asl")] +cell(X,Y,empty) : (gold(X,Y) & not (.desire(fetch_gold(gold(X,Y))))) -- with unification {X=0, Y=4}
[miner2] option for +cell(2,4,empty)[source(percept)] is plan p__178[source(self),url("file:asl/miner.asl")] +cell(X,Y,empty) : (gold(X,Y) & not (.desire(fetch_gold(gold(X,Y))))) -- with unification {X=2, Y=4}
[dummy1]      p__7[source(self),url("file:asl/dummy.asl")] is applicable with unification {_13=1, _15=1, _14=0}
[miner2]      | no candidate belief for gold(X,Y) with {X=2, Y=4}
[miner1]      | no candidate belief for gold(X,Y) with {X=0, Y=4}
[miner2]      p__178[source(self),url("file:asl/miner.asl")] is not applicable
[miner1]      p__110[source(self),url("file:asl/miner.asl")] is not applicable
[miner2] Selected event +cell(2,6,empty)[source(percept)]
[dummy1] Selected option (@p__7[source(self),url("file:asl/dummy.asl")] +pos(_13,_14,_15) <- !define_new_pos.,{_13=1, _15=1, _14=0}) for event +pos(1,0,1)[source(percept)]
[miner1] Selected event +cell(2,4,empty)[source(percept)]
[miner2] option for +cell(2,6,empty)[source(percept)] is plan p__178[source(self),url("file:asl/miner.asl")] +cell(X,Y,empty) : (gold(X,Y) & not (.desire(fetch_gold(gold(X,Y))))) -- with unification {X=2, Y=6}
[dummy1] Selected intention intention 4: 
    +pos(1,0,1)[source(percept)] <- ... !define_new_pos / {_13=1, _15=1, _14=0}

[miner2]      | no candidate belief for gold(X,Y) with {X=2, Y=6}
[dummy1] Informing controller that I finished a reasoning cycle 0. Breakpoint is false
[miner1] option for +cell(2,4,empty)[source(percept)] is plan p__110[source(self),url("file:asl/miner.asl")] +cell(X,Y,empty) : (gold(X,Y) & not (.desire(fetch_gold(gold(X,Y))))) -- with unification {X=2, Y=4}
[miner2]      p__178[source(self),url("file:asl/miner.asl")] is not applicable
[miner1]      | no candidate belief for gold(X,Y) with {X=2, Y=4}
[miner1]      p__110[source(self),url("file:asl/miner.asl")] is not applicable
[miner1] Selected event +cell(1,4,empty)[source(percept)]
[miner1] option for +cell(1,4,empty)[source(percept)] is plan p__110[source(self),url("file:asl/miner.asl")] +cell(X,Y,empty) : (gold(X,Y) & not (.desire(fetch_gold(gold(X,Y))))) -- with unification {X=1, Y=4}
[miner1]      | no candidate belief for gold(X,Y) with {X=1, Y=4}
[miner1]      p__110[source(self),url("file:asl/miner.asl")] is not applicable
[miner1] Selected event +cell(1,5,ally)[source(percept)]
[MiningEnvironment] Cycle 1 finished in 1001 ms, mean is 1001.
[MiningEnvironment] Cycle 2 finished in 1002 ms, mean is 1001.
[MiningEnvironment] Cycle 3 finished in 1002 ms, mean is 1001.
[MiningEnvironment] Cycle 4 finished in 1001 ms, mean is 1001.
[ExecutionControl] Cycle 0 finished by timeout!
[MiningEnvironment] Cycle 5 finished in 1001 ms, mean is 1001.
[MiningEnvironment] Cycle 6 finished in 1001 ms, mean is 1001.
[MiningEnvironment] Cycle 7 finished in 1002 ms, mean is 1001.
[greens2] Start sense
[ExecutionControl] Error:
java.lang.NullPointerException: Cannot invoke "jason.infra.centralised.CentralisedAgArch.getFirstAgArch()" because the return value of "jason.infra.centralised.BaseCentralisedMAS.getAg(String)" is null
	at jason.infra.centralised.CentralisedExecutionControl.getAgState(CentralisedExecutionControl.java:76)
	at jason.control.ExecutionControlGUI.receiveFinishedCycle(ExecutionControlGUI.java:459)
	at jason.infra.centralised.CentralisedExecutionControl.receiveFinishedCycle(CentralisedExecutionControl.java:53)
	at jason.infra.centralised.CentralisedAgArch.informCycleFinished(CentralisedAgArch.java:452)
	at jason.infra.centralised.CentralisedAgArch.run(CentralisedAgArch.java:269)
	at java.base/java.lang.Thread.run(Thread.java:832)

[greens2] I finished!
[dummy2] Start sense
[miner2] Start sense
[dummy2] percepts: [gsize(1,30,30), depot(1,5,7), steps(1,100000), pos(1,2,8), carrying_gold(0), container_has_space, cell(0,1,empty), cell(0,2,empty), cell(0,3,empty), cell(1,1,empty), cell(1,2,empty), cell(1,3,ally), cell(2,1,empty), cell(2,2,empty), cell(2,3,empty)]
[miner2] percepts: [gsize(1,30,30), depot(1,5,7), steps(1,100000), pos(1,5,8), carrying_gold(0), container_has_space, cell(0,4,empty), cell(0,5,empty), cell(0,6,empty), cell(1,4,ally), cell(1,5,empty), cell(1,6,ally), cell(2,4,empty), cell(2,6,empty)]
[greens1] Start sense
[leader2] Start sense
[dummy2] Doing (add) brf for depot(1,5,7)[source(self)]
[leader2] Informing controller that I finished a reasoning cycle 0. Breakpoint is false
[miner2] Doing (add) brf for depot(1,5,7)[source(self)]
[miner2] Doing (add) brf for steps(1,100000)[source(self)]
[dummy2] Doing (add) brf for steps(1,100000)[source(self)]
[ExecutionControl] Error:
java.lang.NullPointerException: Cannot invoke "jason.infra.centralised.CentralisedAgArch.getFirstAgArch()" because the return value of "jason.infra.centralised.BaseCentralisedMAS.getAg(String)" is null
	at jason.infra.centralised.CentralisedExecutionControl.getAgState(CentralisedExecutionControl.java:76)
	at jason.control.ExecutionControlGUI.receiveFinishedCycle(ExecutionControlGUI.java:459)
	at jason.infra.centralised.CentralisedExecutionControl.receiveFinishedCycle(CentralisedExecutionControl.java:53)
	at jason.infra.centralised.CentralisedAgArch.informCycleFinished(CentralisedAgArch.java:452)
	at jason.infra.centralised.CentralisedAgArch.run(CentralisedAgArch.java:269)
	at java.base/java.lang.Thread.run(Thread.java:832)

[miner2] Added event +cell(0,4,empty)[source(percept)], events = [+cell(0,4,empty)[source(percept)]]
[greens1] I finished!
[miner2] Added event +pos(1,5,8)[source(percept)], events = [+cell(0,4,empty)[source(percept)], +pos(1,5,8)[source(percept)]]
[dummy2] Added event +pos(1,2,8)[source(percept)], events = [+!define_new_pos[source(self)]
intention 3: 
    +pos(1,2,1)[source(percept)] <- ... !define_new_pos / {_48=2, _47=1, _49=1}
, +pos(1,2,8)[source(percept)]]
[dummy2] Informing controller that I finished a reasoning cycle 0. Breakpoint is false
[dummy1] Start sense
[ExecutionControl] Error:
java.lang.NullPointerException: Cannot invoke "jason.infra.centralised.CentralisedAgArch.getFirstAgArch()" because the return value of "jason.infra.centralised.BaseCentralisedMAS.getAg(String)" is null
	at jason.infra.centralised.CentralisedExecutionControl.getAgState(CentralisedExecutionControl.java:76)
	at jason.control.ExecutionControlGUI.receiveFinishedCycle(ExecutionControlGUI.java:459)
	at jason.infra.centralised.CentralisedExecutionControl.receiveFinishedCycle(CentralisedExecutionControl.java:53)
	at jason.infra.centralised.CentralisedAgArch.informCycleFinished(CentralisedAgArch.java:452)
	at jason.infra.centralised.CentralisedAgArch.run(CentralisedAgArch.java:269)
	at java.base/java.lang.Thread.run(Thread.java:832)

[leader2] I finished!
[ExecutionControl] Error:
java.lang.NullPointerException: Cannot invoke "jason.infra.centralised.CentralisedAgArch.getFirstAgArch()" because the return value of "jason.infra.centralised.BaseCentralisedMAS.getAg(String)" is null
	at jason.infra.centralised.CentralisedExecutionControl.getAgState(CentralisedExecutionControl.java:76)
	at jason.control.ExecutionControlGUI.receiveFinishedCycle(ExecutionControlGUI.java:459)
	at jason.infra.centralised.CentralisedExecutionControl.receiveFinishedCycle(CentralisedExecutionControl.java:53)
	at jason.infra.centralised.CentralisedAgArch.informCycleFinished(CentralisedAgArch.java:452)
	at jason.infra.centralised.CentralisedAgArch.run(CentralisedAgArch.java:269)
	at java.base/java.lang.Thread.run(Thread.java:832)

[ExecutionControl] Error:
java.lang.NullPointerException: Cannot invoke "jason.infra.centralised.CentralisedAgArch.getFirstAgArch()" because the return value of "jason.infra.centralised.BaseCentralisedMAS.getAg(String)" is null
	at jason.infra.centralised.CentralisedExecutionControl.getAgState(CentralisedExecutionControl.java:76)
	at jason.control.ExecutionControlGUI.receiveFinishedCycle(ExecutionControlGUI.java:459)
	at jason.infra.centralised.CentralisedExecutionControl.receiveFinishedCycle(CentralisedExecutionControl.java:53)
	at jason.infra.centralised.CentralisedAgArch.informCycleFinished(CentralisedAgArch.java:452)
	at jason.infra.centralised.CentralisedAgArch.run(CentralisedAgArch.java:269)
	at java.base/java.lang.Thread.run(Thread.java:832)

[leader1] Start sense
[miner1] Start sense
[miner2] I finished!
[dummy1] percepts: [gsize(1,30,30), depot(1,5,7), steps(1,100000), pos(1,0,8), carrying_gold(0), container_has_space, cell(0,0,empty), cell(0,1,empty), cell(1,0,empty), cell(1,1,empty), cell(2,1,empty)]
[miner1] percepts: [gsize(1,30,30), depot(1,5,7), steps(1,100000), pos(1,4,8), carrying_gold(0), container_has_space, cell(0,3,empty), cell(0,4,empty), cell(0,5,empty), cell(1,3,enemy), cell(1,4,empty), cell(2,4,empty), cell(2,5,empty)]
[dummy1] Doing (add) brf for depot(1,5,7)[source(self)]
[leader1] Informing controller that I finished a reasoning cycle 0. Breakpoint is false
[dummy2] I finished!
[dummy1] Doing (add) brf for steps(1,100000)[source(self)]
[miner1] Doing (add) brf for depot(1,5,7)[source(self)]
[miner1] Doing (add) brf for steps(1,100000)[source(self)]
[dummy1] Added event +pos(1,0,8)[source(percept)], events = [+!define_new_pos[source(self)]
intention 4: 
    +pos(1,0,1)[source(percept)] <- ... !define_new_pos / {_13=1, _15=1, _14=0}
, +pos(1,0,8)[source(percept)]]
[dummy1] Informing controller that I finished a reasoning cycle 0. Breakpoint is false
[ExecutionControl] Error:
java.lang.NullPointerException: Cannot invoke "jason.infra.centralised.CentralisedAgArch.getFirstAgArch()" because the return value of "jason.infra.centralised.BaseCentralisedMAS.getAg(String)" is null
	at jason.infra.centralised.CentralisedExecutionControl.getAgState(CentralisedExecutionControl.java:76)
	at jason.control.ExecutionControlGUI.receiveFinishedCycle(ExecutionControlGUI.java:459)
	at jason.infra.centralised.CentralisedExecutionControl.receiveFinishedCycle(CentralisedExecutionControl.java:53)
	at jason.infra.centralised.CentralisedAgArch.informCycleFinished(CentralisedAgArch.java:452)
	at jason.infra.centralised.CentralisedAgArch.run(CentralisedAgArch.java:269)
	at java.base/java.lang.Thread.run(Thread.java:832)

[miner1] Added event +cell(0,5,empty)[source(percept)], events = [+cell(0,5,empty)[source(percept)]]
[leader1] I finished!
[miner1] Added event +pos(1,4,8)[source(percept)], events = [+cell(0,5,empty)[source(percept)], +pos(1,4,8)[source(percept)]]
[ExecutionControl] Error:
java.lang.NullPointerException: Cannot invoke "jason.infra.centralised.CentralisedAgArch.getFirstAgArch()" because the return value of "jason.infra.centralised.BaseCentralisedMAS.getAg(String)" is null
	at jason.infra.centralised.CentralisedExecutionControl.getAgState(CentralisedExecutionControl.java:76)
	at jason.control.ExecutionControlGUI.receiveFinishedCycle(ExecutionControlGUI.java:459)
	at jason.infra.centralised.CentralisedExecutionControl.receiveFinishedCycle(CentralisedExecutionControl.java:53)
	at jason.infra.centralised.CentralisedAgArch.informCycleFinished(CentralisedAgArch.java:452)
	at jason.infra.centralised.CentralisedAgArch.run(CentralisedAgArch.java:269)
	at java.base/java.lang.Thread.run(Thread.java:832)

[dummy1] I finished!
[ExecutionControl] Error:
java.lang.NullPointerException: Cannot invoke "jason.infra.centralised.CentralisedAgArch.getFirstAgArch()" because the return value of "jason.infra.centralised.BaseCentralisedMAS.getAg(String)" is null
	at jason.infra.centralised.CentralisedExecutionControl.getAgState(CentralisedExecutionControl.java:76)
	at jason.control.ExecutionControlGUI.receiveFinishedCycle(ExecutionControlGUI.java:459)
	at jason.infra.centralised.CentralisedExecutionControl.receiveFinishedCycle(CentralisedExecutionControl.java:53)
	at jason.infra.centralised.CentralisedAgArch.informCycleFinished(CentralisedAgArch.java:452)
	at jason.infra.centralised.CentralisedAgArch.run(CentralisedAgArch.java:269)
	at java.base/java.lang.Thread.run(Thread.java:832)

[miner1] I finished!
